<?xml version="1.0" encoding="UTF-8"?>
<!-- Generated by org.testng.reporters.JUnitReportReporter -->
<testsuite hostname="ANaveen-QA" failures="0" tests="1" name="TestCasesPackage.HomePage" time="5.795" errors="0" timestamp="2023-02-27T17:05:50 IST" skipped="0">
  <testcase classname="TestCasesPackage.HomePage" name="getLoginPage" time="5.795"/>
  <system-out/>
</testsuite> <!-- TestCasesPackage.HomePage -->
