<?xml version="1.0" encoding="UTF-8"?>
<!-- Generated by org.testng.reporters.JUnitReportReporter -->
<testsuite hostname="ANaveen-QA" failures="0" tests="1" name="automation.AppTest" time="0.004" errors="0" timestamp="2023-02-27T17:05:16 IST" skipped="0">
  <testcase classname="automation.AppTest" name="shouldAnswerWithTrue" time="0.004"/>
  <system-out/>
</testsuite> <!-- automation.AppTest -->
