<?xml version="1.0" encoding="UTF-8"?>
<!-- Generated by org.testng.reporters.JUnitReportReporter -->
<testsuite hostname="ANaveen-QA" failures="0" tests="1" name="TestCasesPackage.HomePage" time="2.353" errors="0" timestamp="2023-03-01T10:19:21 IST" skipped="0">
  <testcase classname="TestCasesPackage.HomePage" name="getLoginPage" time="2.353"/>
  <system-out/>
</testsuite> <!-- TestCasesPackage.HomePage -->
